<?xml version="1.0" encoding="UTF-8"?>
<!-- Generated by org.testng.reporters.JUnitReportReporter -->
<testsuite hostname="LAPTOP-ORB3GTRR" failures="0" tests="3" name="ChatAPIContentValidationTest" time="58.117" errors="0" timestamp="2025-08-11T13:54:38 IST" skipped="0">
  <testcase classname="ChatAPIContentValidationTest" name="testChatAPIResponseValidation" time="24.954"/>
  <testcase classname="ChatAPIContentValidationTest" name="testChatAPIResponseValidation" time="12.857"/>
  <testcase classname="ChatAPIContentValidationTest" name="testChatAPIResponseValidation" time="20.306"/>
</testsuite> <!-- ChatAPIContentValidationTest -->
