<?xml version="1.0" encoding="UTF-8"?>
<!-- Generated by org.testng.reporters.JUnitReportReporter -->
<testsuite hostname="LAPTOP-ORB3GTRR" failures="0" tests="3" name="ChatAPIContentValidationTest" time="59.316" errors="0" timestamp="2025-08-04T16:48:17 IST" skipped="0">
  <testcase classname="ChatAPIContentValidationTest" name="testChatAPIResponseValidation" time="14.931"/>
  <testcase classname="ChatAPIContentValidationTest" name="testChatAPIResponseValidation" time="18.193"/>
  <testcase classname="ChatAPIContentValidationTest" name="testChatAPIResponseValidation" time="26.192"/>
</testsuite> <!-- ChatAPIContentValidationTest -->
