<?xml version="1.0" encoding="UTF-8"?>
<!-- Generated by org.testng.reporters.JUnitReportReporter -->
<testsuite hostname="LAPTOP-ORB3GTRR" failures="0" tests="3" name="ChatAPIContentValidationTest" time="51.121" errors="0" timestamp="2025-08-11T17:21:53 IST" skipped="0">
  <testcase classname="ChatAPIContentValidationTest" name="testChatAPIResponseValidation" time="20.044"/>
  <testcase classname="ChatAPIContentValidationTest" name="testChatAPIResponseValidation" time="13.984"/>
  <testcase classname="ChatAPIContentValidationTest" name="testChatAPIResponseValidation" time="17.093"/>
</testsuite> <!-- ChatAPIContentValidationTest -->
